<?xml version="1.0" encoding="UTF-8"?>
<!-- Generated by org.testng.reporters.JUnitReportReporter -->
<testsuite hostname="DESKTOP-VLSES14" failures="0" tests="1" name="extentReport.AddScreenshotIntoReport" time="13.467" errors="0" timestamp="2024-07-09T11:46:03 IST" skipped="0">
  <testcase classname="extentReport.AddScreenshotIntoReport" name="screenshot" time="13.467"/>
  <system-out/>
</testsuite> <!-- extentReport.AddScreenshotIntoReport -->
